ARM GAS  C:\Users\ben96\AppData\Local\Temp\ccuwtamk.s 			page 1


   1              		.cpu cortex-m3
   2              		.eabi_attribute 20, 1
   3              		.eabi_attribute 21, 1
   4              		.eabi_attribute 23, 3
   5              		.eabi_attribute 24, 1
   6              		.eabi_attribute 25, 1
   7              		.eabi_attribute 26, 1
   8              		.eabi_attribute 30, 6
   9              		.eabi_attribute 34, 1
  10              		.eabi_attribute 18, 4
  11              		.file	"system_stm32f1xx.c"
  12              		.text
  13              	.Ltext0:
  14              		.cfi_sections	.debug_frame
  15              		.global	SystemCoreClock
  16              		.section	.data.SystemCoreClock,"aw"
  17              		.align	2
  20              	SystemCoreClock:
  21 0000 0024F400 		.word	16000000
  22              		.global	AHBPrescTable
  23              		.section	.rodata.AHBPrescTable,"a"
  24              		.align	2
  27              	AHBPrescTable:
  28 0000 00000000 		.ascii	"\000\000\000\000\000\000\000\000\001\002\003\004\006"
  28      00000000 
  28      01020304 
  28      06
  29 000d 070809   		.ascii	"\007\010\011"
  30              		.global	APBPrescTable
  31              		.section	.rodata.APBPrescTable,"a"
  32              		.align	2
  35              	APBPrescTable:
  36 0000 00000000 		.ascii	"\000\000\000\000\001\002\003\004"
  36      01020304 
  37              		.section	.text.SystemInit,"ax",%progbits
  38              		.align	1
  39              		.global	SystemInit
  40              		.arch armv7-m
  41              		.syntax unified
  42              		.thumb
  43              		.thumb_func
  44              		.fpu softvfp
  46              	SystemInit:
  47              	.LFB65:
  48              		.file 1 "Core/Src/system_stm32f1xx.c"
   1:Core/Src/system_stm32f1xx.c **** /**
   2:Core/Src/system_stm32f1xx.c ****   ******************************************************************************
   3:Core/Src/system_stm32f1xx.c ****   * @file    system_stm32f1xx.c
   4:Core/Src/system_stm32f1xx.c ****   * @author  MCD Application Team
   5:Core/Src/system_stm32f1xx.c ****   * @brief   CMSIS Cortex-M3 Device Peripheral Access Layer System Source File.
   6:Core/Src/system_stm32f1xx.c ****   * 
   7:Core/Src/system_stm32f1xx.c ****   * 1.  This file provides two functions and one global variable to be called from 
   8:Core/Src/system_stm32f1xx.c ****   *     user application:
   9:Core/Src/system_stm32f1xx.c ****   *      - SystemInit(): Setups the system clock (System clock source, PLL Multiplier
  10:Core/Src/system_stm32f1xx.c ****   *                      factors, AHB/APBx prescalers and Flash settings). 
  11:Core/Src/system_stm32f1xx.c ****   *                      This function is called at startup just after reset and 
  12:Core/Src/system_stm32f1xx.c ****   *                      before branch to main program. This call is made inside
ARM GAS  C:\Users\ben96\AppData\Local\Temp\ccuwtamk.s 			page 2


  13:Core/Src/system_stm32f1xx.c ****   *                      the "startup_stm32f1xx_xx.s" file.
  14:Core/Src/system_stm32f1xx.c ****   *
  15:Core/Src/system_stm32f1xx.c ****   *      - SystemCoreClock variable: Contains the core clock (HCLK), it can be used
  16:Core/Src/system_stm32f1xx.c ****   *                                  by the user application to setup the SysTick 
  17:Core/Src/system_stm32f1xx.c ****   *                                  timer or configure other parameters.
  18:Core/Src/system_stm32f1xx.c ****   *                                     
  19:Core/Src/system_stm32f1xx.c ****   *      - SystemCoreClockUpdate(): Updates the variable SystemCoreClock and must
  20:Core/Src/system_stm32f1xx.c ****   *                                 be called whenever the core clock is changed
  21:Core/Src/system_stm32f1xx.c ****   *                                 during program execution.
  22:Core/Src/system_stm32f1xx.c ****   *
  23:Core/Src/system_stm32f1xx.c ****   * 2. After each device reset the HSI (8 MHz) is used as system clock source.
  24:Core/Src/system_stm32f1xx.c ****   *    Then SystemInit() function is called, in "startup_stm32f1xx_xx.s" file, to
  25:Core/Src/system_stm32f1xx.c ****   *    configure the system clock before to branch to main program.
  26:Core/Src/system_stm32f1xx.c ****   *
  27:Core/Src/system_stm32f1xx.c ****   * 4. The default value of HSE crystal is set to 8 MHz (or 25 MHz, depending on
  28:Core/Src/system_stm32f1xx.c ****   *    the product used), refer to "HSE_VALUE". 
  29:Core/Src/system_stm32f1xx.c ****   *    When HSE is used as system clock source, directly or through PLL, and you
  30:Core/Src/system_stm32f1xx.c ****   *    are using different crystal you have to adapt the HSE value to your own
  31:Core/Src/system_stm32f1xx.c ****   *    configuration.
  32:Core/Src/system_stm32f1xx.c ****   *        
  33:Core/Src/system_stm32f1xx.c ****   ******************************************************************************
  34:Core/Src/system_stm32f1xx.c ****   * @attention
  35:Core/Src/system_stm32f1xx.c ****   *
  36:Core/Src/system_stm32f1xx.c ****   * <h2><center>&copy; Copyright (c) 2017 STMicroelectronics.
  37:Core/Src/system_stm32f1xx.c ****   * All rights reserved.</center></h2>
  38:Core/Src/system_stm32f1xx.c ****   *
  39:Core/Src/system_stm32f1xx.c ****   * This software component is licensed by ST under BSD 3-Clause license,
  40:Core/Src/system_stm32f1xx.c ****   * the "License"; You may not use this file except in compliance with the
  41:Core/Src/system_stm32f1xx.c ****   * License. You may obtain a copy of the License at:
  42:Core/Src/system_stm32f1xx.c ****   *                        opensource.org/licenses/BSD-3-Clause
  43:Core/Src/system_stm32f1xx.c ****   *
  44:Core/Src/system_stm32f1xx.c ****   ******************************************************************************
  45:Core/Src/system_stm32f1xx.c ****   */
  46:Core/Src/system_stm32f1xx.c **** 
  47:Core/Src/system_stm32f1xx.c **** /** @addtogroup CMSIS
  48:Core/Src/system_stm32f1xx.c ****   * @{
  49:Core/Src/system_stm32f1xx.c ****   */
  50:Core/Src/system_stm32f1xx.c **** 
  51:Core/Src/system_stm32f1xx.c **** /** @addtogroup stm32f1xx_system
  52:Core/Src/system_stm32f1xx.c ****   * @{
  53:Core/Src/system_stm32f1xx.c ****   */  
  54:Core/Src/system_stm32f1xx.c ****   
  55:Core/Src/system_stm32f1xx.c **** /** @addtogroup STM32F1xx_System_Private_Includes
  56:Core/Src/system_stm32f1xx.c ****   * @{
  57:Core/Src/system_stm32f1xx.c ****   */
  58:Core/Src/system_stm32f1xx.c **** 
  59:Core/Src/system_stm32f1xx.c **** #include "stm32f1xx.h"
  60:Core/Src/system_stm32f1xx.c **** 
  61:Core/Src/system_stm32f1xx.c **** /**
  62:Core/Src/system_stm32f1xx.c ****   * @}
  63:Core/Src/system_stm32f1xx.c ****   */
  64:Core/Src/system_stm32f1xx.c **** 
  65:Core/Src/system_stm32f1xx.c **** /** @addtogroup STM32F1xx_System_Private_TypesDefinitions
  66:Core/Src/system_stm32f1xx.c ****   * @{
  67:Core/Src/system_stm32f1xx.c ****   */
  68:Core/Src/system_stm32f1xx.c **** 
  69:Core/Src/system_stm32f1xx.c **** /**
ARM GAS  C:\Users\ben96\AppData\Local\Temp\ccuwtamk.s 			page 3


  70:Core/Src/system_stm32f1xx.c ****   * @}
  71:Core/Src/system_stm32f1xx.c ****   */
  72:Core/Src/system_stm32f1xx.c **** 
  73:Core/Src/system_stm32f1xx.c **** /** @addtogroup STM32F1xx_System_Private_Defines
  74:Core/Src/system_stm32f1xx.c ****   * @{
  75:Core/Src/system_stm32f1xx.c ****   */
  76:Core/Src/system_stm32f1xx.c **** 
  77:Core/Src/system_stm32f1xx.c **** #if !defined  (HSE_VALUE) 
  78:Core/Src/system_stm32f1xx.c ****   #define HSE_VALUE               8000000U /*!< Default value of the External oscillator in Hz.
  79:Core/Src/system_stm32f1xx.c ****                                                 This value can be provided and adapted by the user 
  80:Core/Src/system_stm32f1xx.c **** #endif /* HSE_VALUE */
  81:Core/Src/system_stm32f1xx.c **** 
  82:Core/Src/system_stm32f1xx.c **** #if !defined  (HSI_VALUE)
  83:Core/Src/system_stm32f1xx.c ****   #define HSI_VALUE               8000000U /*!< Default value of the Internal oscillator in Hz.
  84:Core/Src/system_stm32f1xx.c ****                                                 This value can be provided and adapted by the user 
  85:Core/Src/system_stm32f1xx.c **** #endif /* HSI_VALUE */
  86:Core/Src/system_stm32f1xx.c **** 
  87:Core/Src/system_stm32f1xx.c **** /*!< Uncomment the following line if you need to use external SRAM  */ 
  88:Core/Src/system_stm32f1xx.c **** #if defined(STM32F100xE) || defined(STM32F101xE) || defined(STM32F101xG) || defined(STM32F103xE) ||
  89:Core/Src/system_stm32f1xx.c **** /* #define DATA_IN_ExtSRAM */
  90:Core/Src/system_stm32f1xx.c **** #endif /* STM32F100xE || STM32F101xE || STM32F101xG || STM32F103xE || STM32F103xG */
  91:Core/Src/system_stm32f1xx.c **** 
  92:Core/Src/system_stm32f1xx.c **** /* Note: Following vector table addresses must be defined in line with linker
  93:Core/Src/system_stm32f1xx.c ****          configuration. */
  94:Core/Src/system_stm32f1xx.c **** /*!< Uncomment the following line if you need to relocate the vector table
  95:Core/Src/system_stm32f1xx.c ****      anywhere in Flash or Sram, else the vector table is kept at the automatic
  96:Core/Src/system_stm32f1xx.c ****      remap of boot address selected */
  97:Core/Src/system_stm32f1xx.c **** /* #define USER_VECT_TAB_ADDRESS */
  98:Core/Src/system_stm32f1xx.c **** 
  99:Core/Src/system_stm32f1xx.c **** #if defined(USER_VECT_TAB_ADDRESS)
 100:Core/Src/system_stm32f1xx.c **** /*!< Uncomment the following line if you need to relocate your vector Table
 101:Core/Src/system_stm32f1xx.c ****      in Sram else user remap will be done in Flash. */
 102:Core/Src/system_stm32f1xx.c **** /* #define VECT_TAB_SRAM */
 103:Core/Src/system_stm32f1xx.c **** #if defined(VECT_TAB_SRAM)
 104:Core/Src/system_stm32f1xx.c **** #define VECT_TAB_BASE_ADDRESS   SRAM_BASE       /*!< Vector Table base address field.
 105:Core/Src/system_stm32f1xx.c ****                                                      This value must be a multiple of 0x200. */
 106:Core/Src/system_stm32f1xx.c **** #define VECT_TAB_OFFSET         0x00000000U     /*!< Vector Table base offset field.
 107:Core/Src/system_stm32f1xx.c ****                                                      This value must be a multiple of 0x200. */
 108:Core/Src/system_stm32f1xx.c **** #else
 109:Core/Src/system_stm32f1xx.c **** #define VECT_TAB_BASE_ADDRESS   FLASH_BASE      /*!< Vector Table base address field.
 110:Core/Src/system_stm32f1xx.c ****                                                      This value must be a multiple of 0x200. */
 111:Core/Src/system_stm32f1xx.c **** #define VECT_TAB_OFFSET         0x00000000U     /*!< Vector Table base offset field.
 112:Core/Src/system_stm32f1xx.c ****                                                      This value must be a multiple of 0x200. */
 113:Core/Src/system_stm32f1xx.c **** #endif /* VECT_TAB_SRAM */
 114:Core/Src/system_stm32f1xx.c **** #endif /* USER_VECT_TAB_ADDRESS */
 115:Core/Src/system_stm32f1xx.c **** 
 116:Core/Src/system_stm32f1xx.c **** /******************************************************************************/
 117:Core/Src/system_stm32f1xx.c **** 
 118:Core/Src/system_stm32f1xx.c **** /**
 119:Core/Src/system_stm32f1xx.c ****   * @}
 120:Core/Src/system_stm32f1xx.c ****   */
 121:Core/Src/system_stm32f1xx.c **** 
 122:Core/Src/system_stm32f1xx.c **** /** @addtogroup STM32F1xx_System_Private_Macros
 123:Core/Src/system_stm32f1xx.c ****   * @{
 124:Core/Src/system_stm32f1xx.c ****   */
 125:Core/Src/system_stm32f1xx.c **** 
 126:Core/Src/system_stm32f1xx.c **** /**
ARM GAS  C:\Users\ben96\AppData\Local\Temp\ccuwtamk.s 			page 4


 127:Core/Src/system_stm32f1xx.c ****   * @}
 128:Core/Src/system_stm32f1xx.c ****   */
 129:Core/Src/system_stm32f1xx.c **** 
 130:Core/Src/system_stm32f1xx.c **** /** @addtogroup STM32F1xx_System_Private_Variables
 131:Core/Src/system_stm32f1xx.c ****   * @{
 132:Core/Src/system_stm32f1xx.c ****   */
 133:Core/Src/system_stm32f1xx.c **** 
 134:Core/Src/system_stm32f1xx.c ****   /* This variable is updated in three ways:
 135:Core/Src/system_stm32f1xx.c ****       1) by calling CMSIS function SystemCoreClockUpdate()
 136:Core/Src/system_stm32f1xx.c ****       2) by calling HAL API function HAL_RCC_GetHCLKFreq()
 137:Core/Src/system_stm32f1xx.c ****       3) each time HAL_RCC_ClockConfig() is called to configure the system clock frequency 
 138:Core/Src/system_stm32f1xx.c ****          Note: If you use this function to configure the system clock; then there
 139:Core/Src/system_stm32f1xx.c ****                is no need to call the 2 first functions listed above, since SystemCoreClock
 140:Core/Src/system_stm32f1xx.c ****                variable is updated automatically.
 141:Core/Src/system_stm32f1xx.c ****   */
 142:Core/Src/system_stm32f1xx.c **** uint32_t SystemCoreClock = 16000000;
 143:Core/Src/system_stm32f1xx.c **** const uint8_t AHBPrescTable[16U] = {0, 0, 0, 0, 0, 0, 0, 0, 1, 2, 3, 4, 6, 7, 8, 9};
 144:Core/Src/system_stm32f1xx.c **** const uint8_t APBPrescTable[8U] =  {0, 0, 0, 0, 1, 2, 3, 4};
 145:Core/Src/system_stm32f1xx.c **** 
 146:Core/Src/system_stm32f1xx.c **** /**
 147:Core/Src/system_stm32f1xx.c ****   * @}
 148:Core/Src/system_stm32f1xx.c ****   */
 149:Core/Src/system_stm32f1xx.c **** 
 150:Core/Src/system_stm32f1xx.c **** /** @addtogroup STM32F1xx_System_Private_FunctionPrototypes
 151:Core/Src/system_stm32f1xx.c ****   * @{
 152:Core/Src/system_stm32f1xx.c ****   */
 153:Core/Src/system_stm32f1xx.c **** 
 154:Core/Src/system_stm32f1xx.c **** #if defined(STM32F100xE) || defined(STM32F101xE) || defined(STM32F101xG) || defined(STM32F103xE) ||
 155:Core/Src/system_stm32f1xx.c **** #ifdef DATA_IN_ExtSRAM
 156:Core/Src/system_stm32f1xx.c ****   static void SystemInit_ExtMemCtl(void); 
 157:Core/Src/system_stm32f1xx.c **** #endif /* DATA_IN_ExtSRAM */
 158:Core/Src/system_stm32f1xx.c **** #endif /* STM32F100xE || STM32F101xE || STM32F101xG || STM32F103xE || STM32F103xG */
 159:Core/Src/system_stm32f1xx.c **** 
 160:Core/Src/system_stm32f1xx.c **** /**
 161:Core/Src/system_stm32f1xx.c ****   * @}
 162:Core/Src/system_stm32f1xx.c ****   */
 163:Core/Src/system_stm32f1xx.c **** 
 164:Core/Src/system_stm32f1xx.c **** /** @addtogroup STM32F1xx_System_Private_Functions
 165:Core/Src/system_stm32f1xx.c ****   * @{
 166:Core/Src/system_stm32f1xx.c ****   */
 167:Core/Src/system_stm32f1xx.c **** 
 168:Core/Src/system_stm32f1xx.c **** /**
 169:Core/Src/system_stm32f1xx.c ****   * @brief  Setup the microcontroller system
 170:Core/Src/system_stm32f1xx.c ****   *         Initialize the Embedded Flash Interface, the PLL and update the 
 171:Core/Src/system_stm32f1xx.c ****   *         SystemCoreClock variable.
 172:Core/Src/system_stm32f1xx.c ****   * @note   This function should be used only after reset.
 173:Core/Src/system_stm32f1xx.c ****   * @param  None
 174:Core/Src/system_stm32f1xx.c ****   * @retval None
 175:Core/Src/system_stm32f1xx.c ****   */
 176:Core/Src/system_stm32f1xx.c **** void SystemInit (void)
 177:Core/Src/system_stm32f1xx.c **** {
  49              		.loc 1 177 1
  50              		.cfi_startproc
  51              		@ args = 0, pretend = 0, frame = 0
  52              		@ frame_needed = 1, uses_anonymous_args = 0
  53              		@ link register save eliminated.
  54 0000 80B4     		push	{r7}
ARM GAS  C:\Users\ben96\AppData\Local\Temp\ccuwtamk.s 			page 5


  55              	.LCFI0:
  56              		.cfi_def_cfa_offset 4
  57              		.cfi_offset 7, -4
  58 0002 00AF     		add	r7, sp, #0
  59              	.LCFI1:
  60              		.cfi_def_cfa_register 7
 178:Core/Src/system_stm32f1xx.c **** #if defined(STM32F100xE) || defined(STM32F101xE) || defined(STM32F101xG) || defined(STM32F103xE) ||
 179:Core/Src/system_stm32f1xx.c ****   #ifdef DATA_IN_ExtSRAM
 180:Core/Src/system_stm32f1xx.c ****     SystemInit_ExtMemCtl(); 
 181:Core/Src/system_stm32f1xx.c ****   #endif /* DATA_IN_ExtSRAM */
 182:Core/Src/system_stm32f1xx.c **** #endif 
 183:Core/Src/system_stm32f1xx.c **** 
 184:Core/Src/system_stm32f1xx.c ****   /* Configure the Vector Table location -------------------------------------*/
 185:Core/Src/system_stm32f1xx.c **** #if defined(USER_VECT_TAB_ADDRESS)
 186:Core/Src/system_stm32f1xx.c ****   SCB->VTOR = VECT_TAB_BASE_ADDRESS | VECT_TAB_OFFSET; /* Vector Table Relocation in Internal SRAM.
 187:Core/Src/system_stm32f1xx.c **** #endif /* USER_VECT_TAB_ADDRESS */
 188:Core/Src/system_stm32f1xx.c **** }
  61              		.loc 1 188 1
  62 0004 00BF     		nop
  63 0006 BD46     		mov	sp, r7
  64              	.LCFI2:
  65              		.cfi_def_cfa_register 13
  66              		@ sp needed
  67 0008 80BC     		pop	{r7}
  68              	.LCFI3:
  69              		.cfi_restore 7
  70              		.cfi_def_cfa_offset 0
  71 000a 7047     		bx	lr
  72              		.cfi_endproc
  73              	.LFE65:
  75              		.section	.text.SystemCoreClockUpdate,"ax",%progbits
  76              		.align	1
  77              		.global	SystemCoreClockUpdate
  78              		.syntax unified
  79              		.thumb
  80              		.thumb_func
  81              		.fpu softvfp
  83              	SystemCoreClockUpdate:
  84              	.LFB66:
 189:Core/Src/system_stm32f1xx.c **** 
 190:Core/Src/system_stm32f1xx.c **** /**
 191:Core/Src/system_stm32f1xx.c ****   * @brief  Update SystemCoreClock variable according to Clock Register Values.
 192:Core/Src/system_stm32f1xx.c ****   *         The SystemCoreClock variable contains the core clock (HCLK), it can
 193:Core/Src/system_stm32f1xx.c ****   *         be used by the user application to setup the SysTick timer or configure
 194:Core/Src/system_stm32f1xx.c ****   *         other parameters.
 195:Core/Src/system_stm32f1xx.c ****   *           
 196:Core/Src/system_stm32f1xx.c ****   * @note   Each time the core clock (HCLK) changes, this function must be called
 197:Core/Src/system_stm32f1xx.c ****   *         to update SystemCoreClock variable value. Otherwise, any configuration
 198:Core/Src/system_stm32f1xx.c ****   *         based on this variable will be incorrect.         
 199:Core/Src/system_stm32f1xx.c ****   *     
 200:Core/Src/system_stm32f1xx.c ****   * @note   - The system frequency computed by this function is not the real 
 201:Core/Src/system_stm32f1xx.c ****   *           frequency in the chip. It is calculated based on the predefined 
 202:Core/Src/system_stm32f1xx.c ****   *           constant and the selected clock source:
 203:Core/Src/system_stm32f1xx.c ****   *             
 204:Core/Src/system_stm32f1xx.c ****   *           - If SYSCLK source is HSI, SystemCoreClock will contain the HSI_VALUE(*)
 205:Core/Src/system_stm32f1xx.c ****   *                                              
 206:Core/Src/system_stm32f1xx.c ****   *           - If SYSCLK source is HSE, SystemCoreClock will contain the HSE_VALUE(**)
ARM GAS  C:\Users\ben96\AppData\Local\Temp\ccuwtamk.s 			page 6


 207:Core/Src/system_stm32f1xx.c ****   *                          
 208:Core/Src/system_stm32f1xx.c ****   *           - If SYSCLK source is PLL, SystemCoreClock will contain the HSE_VALUE(**) 
 209:Core/Src/system_stm32f1xx.c ****   *             or HSI_VALUE(*) multiplied by the PLL factors.
 210:Core/Src/system_stm32f1xx.c ****   *         
 211:Core/Src/system_stm32f1xx.c ****   *         (*) HSI_VALUE is a constant defined in stm32f1xx.h file (default value
 212:Core/Src/system_stm32f1xx.c ****   *             8 MHz) but the real value may vary depending on the variations
 213:Core/Src/system_stm32f1xx.c ****   *             in voltage and temperature.   
 214:Core/Src/system_stm32f1xx.c ****   *    
 215:Core/Src/system_stm32f1xx.c ****   *         (**) HSE_VALUE is a constant defined in stm32f1xx.h file (default value
 216:Core/Src/system_stm32f1xx.c ****   *              8 MHz or 25 MHz, depending on the product used), user has to ensure
 217:Core/Src/system_stm32f1xx.c ****   *              that HSE_VALUE is same as the real frequency of the crystal used.
 218:Core/Src/system_stm32f1xx.c ****   *              Otherwise, this function may have wrong result.
 219:Core/Src/system_stm32f1xx.c ****   *                
 220:Core/Src/system_stm32f1xx.c ****   *         - The result of this function could be not correct when using fractional
 221:Core/Src/system_stm32f1xx.c ****   *           value for HSE crystal.
 222:Core/Src/system_stm32f1xx.c ****   * @param  None
 223:Core/Src/system_stm32f1xx.c ****   * @retval None
 224:Core/Src/system_stm32f1xx.c ****   */
 225:Core/Src/system_stm32f1xx.c **** void SystemCoreClockUpdate (void)
 226:Core/Src/system_stm32f1xx.c **** {
  85              		.loc 1 226 1
  86              		.cfi_startproc
  87              		@ args = 0, pretend = 0, frame = 16
  88              		@ frame_needed = 1, uses_anonymous_args = 0
  89              		@ link register save eliminated.
  90 0000 80B4     		push	{r7}
  91              	.LCFI4:
  92              		.cfi_def_cfa_offset 4
  93              		.cfi_offset 7, -4
  94 0002 85B0     		sub	sp, sp, #20
  95              	.LCFI5:
  96              		.cfi_def_cfa_offset 24
  97 0004 00AF     		add	r7, sp, #0
  98              	.LCFI6:
  99              		.cfi_def_cfa_register 7
 227:Core/Src/system_stm32f1xx.c ****   uint32_t tmp = 0U, pllmull = 0U, pllsource = 0U;
 100              		.loc 1 227 12
 101 0006 0023     		movs	r3, #0
 102 0008 FB60     		str	r3, [r7, #12]
 103              		.loc 1 227 22
 104 000a 0023     		movs	r3, #0
 105 000c BB60     		str	r3, [r7, #8]
 106              		.loc 1 227 36
 107 000e 0023     		movs	r3, #0
 108 0010 7B60     		str	r3, [r7, #4]
 228:Core/Src/system_stm32f1xx.c **** 
 229:Core/Src/system_stm32f1xx.c **** #if defined(STM32F105xC) || defined(STM32F107xC)
 230:Core/Src/system_stm32f1xx.c ****   uint32_t prediv1source = 0U, prediv1factor = 0U, prediv2factor = 0U, pll2mull = 0U;
 231:Core/Src/system_stm32f1xx.c **** #endif /* STM32F105xC */
 232:Core/Src/system_stm32f1xx.c **** 
 233:Core/Src/system_stm32f1xx.c **** #if defined(STM32F100xB) || defined(STM32F100xE)
 234:Core/Src/system_stm32f1xx.c ****   uint32_t prediv1factor = 0U;
 235:Core/Src/system_stm32f1xx.c **** #endif /* STM32F100xB or STM32F100xE */
 236:Core/Src/system_stm32f1xx.c ****     
 237:Core/Src/system_stm32f1xx.c ****   /* Get SYSCLK source -------------------------------------------------------*/
 238:Core/Src/system_stm32f1xx.c ****   tmp = RCC->CFGR & RCC_CFGR_SWS;
 109              		.loc 1 238 12
ARM GAS  C:\Users\ben96\AppData\Local\Temp\ccuwtamk.s 			page 7


 110 0012 2F4B     		ldr	r3, .L11
 111 0014 5B68     		ldr	r3, [r3, #4]
 112              		.loc 1 238 7
 113 0016 03F00C03 		and	r3, r3, #12
 114 001a FB60     		str	r3, [r7, #12]
 239:Core/Src/system_stm32f1xx.c ****   
 240:Core/Src/system_stm32f1xx.c ****   switch (tmp)
 115              		.loc 1 240 3
 116 001c FB68     		ldr	r3, [r7, #12]
 117 001e 082B     		cmp	r3, #8
 118 0020 11D0     		beq	.L3
 119 0022 FB68     		ldr	r3, [r7, #12]
 120 0024 082B     		cmp	r3, #8
 121 0026 3AD8     		bhi	.L4
 122 0028 FB68     		ldr	r3, [r7, #12]
 123 002a 002B     		cmp	r3, #0
 124 002c 03D0     		beq	.L5
 125 002e FB68     		ldr	r3, [r7, #12]
 126 0030 042B     		cmp	r3, #4
 127 0032 04D0     		beq	.L6
 128 0034 33E0     		b	.L4
 129              	.L5:
 241:Core/Src/system_stm32f1xx.c ****   {
 242:Core/Src/system_stm32f1xx.c ****     case 0x00U:  /* HSI used as system clock */
 243:Core/Src/system_stm32f1xx.c ****       SystemCoreClock = HSI_VALUE;
 130              		.loc 1 243 23
 131 0036 274B     		ldr	r3, .L11+4
 132 0038 274A     		ldr	r2, .L11+8
 133 003a 1A60     		str	r2, [r3]
 244:Core/Src/system_stm32f1xx.c ****       break;
 134              		.loc 1 244 7
 135 003c 33E0     		b	.L7
 136              	.L6:
 245:Core/Src/system_stm32f1xx.c ****     case 0x04U:  /* HSE used as system clock */
 246:Core/Src/system_stm32f1xx.c ****       SystemCoreClock = HSE_VALUE;
 137              		.loc 1 246 23
 138 003e 254B     		ldr	r3, .L11+4
 139 0040 254A     		ldr	r2, .L11+8
 140 0042 1A60     		str	r2, [r3]
 247:Core/Src/system_stm32f1xx.c ****       break;
 141              		.loc 1 247 7
 142 0044 2FE0     		b	.L7
 143              	.L3:
 248:Core/Src/system_stm32f1xx.c ****     case 0x08U:  /* PLL used as system clock */
 249:Core/Src/system_stm32f1xx.c **** 
 250:Core/Src/system_stm32f1xx.c ****       /* Get PLL clock source and multiplication factor ----------------------*/
 251:Core/Src/system_stm32f1xx.c ****       pllmull = RCC->CFGR & RCC_CFGR_PLLMULL;
 144              		.loc 1 251 20
 145 0046 224B     		ldr	r3, .L11
 146 0048 5B68     		ldr	r3, [r3, #4]
 147              		.loc 1 251 15
 148 004a 03F47013 		and	r3, r3, #3932160
 149 004e BB60     		str	r3, [r7, #8]
 252:Core/Src/system_stm32f1xx.c ****       pllsource = RCC->CFGR & RCC_CFGR_PLLSRC;
 150              		.loc 1 252 22
 151 0050 1F4B     		ldr	r3, .L11
 152 0052 5B68     		ldr	r3, [r3, #4]
ARM GAS  C:\Users\ben96\AppData\Local\Temp\ccuwtamk.s 			page 8


 153              		.loc 1 252 17
 154 0054 03F48033 		and	r3, r3, #65536
 155 0058 7B60     		str	r3, [r7, #4]
 253:Core/Src/system_stm32f1xx.c ****       
 254:Core/Src/system_stm32f1xx.c **** #if !defined(STM32F105xC) && !defined(STM32F107xC)      
 255:Core/Src/system_stm32f1xx.c ****       pllmull = ( pllmull >> 18U) + 2U;
 156              		.loc 1 255 27
 157 005a BB68     		ldr	r3, [r7, #8]
 158 005c 9B0C     		lsrs	r3, r3, #18
 159              		.loc 1 255 15
 160 005e 0233     		adds	r3, r3, #2
 161 0060 BB60     		str	r3, [r7, #8]
 256:Core/Src/system_stm32f1xx.c ****       
 257:Core/Src/system_stm32f1xx.c ****       if (pllsource == 0x00U)
 162              		.loc 1 257 10
 163 0062 7B68     		ldr	r3, [r7, #4]
 164 0064 002B     		cmp	r3, #0
 165 0066 06D1     		bne	.L8
 258:Core/Src/system_stm32f1xx.c ****       {
 259:Core/Src/system_stm32f1xx.c ****         /* HSI oscillator clock divided by 2 selected as PLL clock entry */
 260:Core/Src/system_stm32f1xx.c ****         SystemCoreClock = (HSI_VALUE >> 1U) * pllmull;
 166              		.loc 1 260 45
 167 0068 BB68     		ldr	r3, [r7, #8]
 168 006a 1C4A     		ldr	r2, .L11+12
 169 006c 02FB03F3 		mul	r3, r2, r3
 170              		.loc 1 260 25
 171 0070 184A     		ldr	r2, .L11+4
 172 0072 1360     		str	r3, [r2]
 261:Core/Src/system_stm32f1xx.c ****       }
 262:Core/Src/system_stm32f1xx.c ****       else
 263:Core/Src/system_stm32f1xx.c ****       {
 264:Core/Src/system_stm32f1xx.c ****  #if defined(STM32F100xB) || defined(STM32F100xE)
 265:Core/Src/system_stm32f1xx.c ****        prediv1factor = (RCC->CFGR2 & RCC_CFGR2_PREDIV1) + 1U;
 266:Core/Src/system_stm32f1xx.c ****        /* HSE oscillator clock selected as PREDIV1 clock entry */
 267:Core/Src/system_stm32f1xx.c ****        SystemCoreClock = (HSE_VALUE / prediv1factor) * pllmull; 
 268:Core/Src/system_stm32f1xx.c ****  #else
 269:Core/Src/system_stm32f1xx.c ****         /* HSE selected as PLL clock entry */
 270:Core/Src/system_stm32f1xx.c ****         if ((RCC->CFGR & RCC_CFGR_PLLXTPRE) != (uint32_t)RESET)
 271:Core/Src/system_stm32f1xx.c ****         {/* HSE oscillator clock divided by 2 */
 272:Core/Src/system_stm32f1xx.c ****           SystemCoreClock = (HSE_VALUE >> 1U) * pllmull;
 273:Core/Src/system_stm32f1xx.c ****         }
 274:Core/Src/system_stm32f1xx.c ****         else
 275:Core/Src/system_stm32f1xx.c ****         {
 276:Core/Src/system_stm32f1xx.c ****           SystemCoreClock = HSE_VALUE * pllmull;
 277:Core/Src/system_stm32f1xx.c ****         }
 278:Core/Src/system_stm32f1xx.c ****  #endif
 279:Core/Src/system_stm32f1xx.c ****       }
 280:Core/Src/system_stm32f1xx.c **** #else
 281:Core/Src/system_stm32f1xx.c ****       pllmull = pllmull >> 18U;
 282:Core/Src/system_stm32f1xx.c ****       
 283:Core/Src/system_stm32f1xx.c ****       if (pllmull != 0x0DU)
 284:Core/Src/system_stm32f1xx.c ****       {
 285:Core/Src/system_stm32f1xx.c ****          pllmull += 2U;
 286:Core/Src/system_stm32f1xx.c ****       }
 287:Core/Src/system_stm32f1xx.c ****       else
 288:Core/Src/system_stm32f1xx.c ****       { /* PLL multiplication factor = PLL input clock * 6.5 */
 289:Core/Src/system_stm32f1xx.c ****         pllmull = 13U / 2U; 
ARM GAS  C:\Users\ben96\AppData\Local\Temp\ccuwtamk.s 			page 9


 290:Core/Src/system_stm32f1xx.c ****       }
 291:Core/Src/system_stm32f1xx.c ****             
 292:Core/Src/system_stm32f1xx.c ****       if (pllsource == 0x00U)
 293:Core/Src/system_stm32f1xx.c ****       {
 294:Core/Src/system_stm32f1xx.c ****         /* HSI oscillator clock divided by 2 selected as PLL clock entry */
 295:Core/Src/system_stm32f1xx.c ****         SystemCoreClock = (HSI_VALUE >> 1U) * pllmull;
 296:Core/Src/system_stm32f1xx.c ****       }
 297:Core/Src/system_stm32f1xx.c ****       else
 298:Core/Src/system_stm32f1xx.c ****       {/* PREDIV1 selected as PLL clock entry */
 299:Core/Src/system_stm32f1xx.c ****         
 300:Core/Src/system_stm32f1xx.c ****         /* Get PREDIV1 clock source and division factor */
 301:Core/Src/system_stm32f1xx.c ****         prediv1source = RCC->CFGR2 & RCC_CFGR2_PREDIV1SRC;
 302:Core/Src/system_stm32f1xx.c ****         prediv1factor = (RCC->CFGR2 & RCC_CFGR2_PREDIV1) + 1U;
 303:Core/Src/system_stm32f1xx.c ****         
 304:Core/Src/system_stm32f1xx.c ****         if (prediv1source == 0U)
 305:Core/Src/system_stm32f1xx.c ****         { 
 306:Core/Src/system_stm32f1xx.c ****           /* HSE oscillator clock selected as PREDIV1 clock entry */
 307:Core/Src/system_stm32f1xx.c ****           SystemCoreClock = (HSE_VALUE / prediv1factor) * pllmull;          
 308:Core/Src/system_stm32f1xx.c ****         }
 309:Core/Src/system_stm32f1xx.c ****         else
 310:Core/Src/system_stm32f1xx.c ****         {/* PLL2 clock selected as PREDIV1 clock entry */
 311:Core/Src/system_stm32f1xx.c ****           
 312:Core/Src/system_stm32f1xx.c ****           /* Get PREDIV2 division factor and PLL2 multiplication factor */
 313:Core/Src/system_stm32f1xx.c ****           prediv2factor = ((RCC->CFGR2 & RCC_CFGR2_PREDIV2) >> 4U) + 1U;
 314:Core/Src/system_stm32f1xx.c ****           pll2mull = ((RCC->CFGR2 & RCC_CFGR2_PLL2MUL) >> 8U) + 2U; 
 315:Core/Src/system_stm32f1xx.c ****           SystemCoreClock = (((HSE_VALUE / prediv2factor) * pll2mull) / prediv1factor) * pllmull;  
 316:Core/Src/system_stm32f1xx.c ****         }
 317:Core/Src/system_stm32f1xx.c ****       }
 318:Core/Src/system_stm32f1xx.c **** #endif /* STM32F105xC */ 
 319:Core/Src/system_stm32f1xx.c ****       break;
 173              		.loc 1 319 7
 174 0074 17E0     		b	.L7
 175              	.L8:
 270:Core/Src/system_stm32f1xx.c ****         {/* HSE oscillator clock divided by 2 */
 176              		.loc 1 270 17
 177 0076 164B     		ldr	r3, .L11
 178 0078 5B68     		ldr	r3, [r3, #4]
 270:Core/Src/system_stm32f1xx.c ****         {/* HSE oscillator clock divided by 2 */
 179              		.loc 1 270 24
 180 007a 03F40033 		and	r3, r3, #131072
 270:Core/Src/system_stm32f1xx.c ****         {/* HSE oscillator clock divided by 2 */
 181              		.loc 1 270 12
 182 007e 002B     		cmp	r3, #0
 183 0080 06D0     		beq	.L10
 272:Core/Src/system_stm32f1xx.c ****         }
 184              		.loc 1 272 47
 185 0082 BB68     		ldr	r3, [r7, #8]
 186 0084 154A     		ldr	r2, .L11+12
 187 0086 02FB03F3 		mul	r3, r2, r3
 272:Core/Src/system_stm32f1xx.c ****         }
 188              		.loc 1 272 27
 189 008a 124A     		ldr	r2, .L11+4
 190 008c 1360     		str	r3, [r2]
 191              		.loc 1 319 7
 192 008e 0AE0     		b	.L7
 193              	.L10:
 276:Core/Src/system_stm32f1xx.c ****         }
ARM GAS  C:\Users\ben96\AppData\Local\Temp\ccuwtamk.s 			page 10


 194              		.loc 1 276 39
 195 0090 BB68     		ldr	r3, [r7, #8]
 196 0092 114A     		ldr	r2, .L11+8
 197 0094 02FB03F3 		mul	r3, r2, r3
 276:Core/Src/system_stm32f1xx.c ****         }
 198              		.loc 1 276 27
 199 0098 0E4A     		ldr	r2, .L11+4
 200 009a 1360     		str	r3, [r2]
 201              		.loc 1 319 7
 202 009c 03E0     		b	.L7
 203              	.L4:
 320:Core/Src/system_stm32f1xx.c **** 
 321:Core/Src/system_stm32f1xx.c ****     default:
 322:Core/Src/system_stm32f1xx.c ****       SystemCoreClock = HSI_VALUE;
 204              		.loc 1 322 23
 205 009e 0D4B     		ldr	r3, .L11+4
 206 00a0 0D4A     		ldr	r2, .L11+8
 207 00a2 1A60     		str	r2, [r3]
 323:Core/Src/system_stm32f1xx.c ****       break;
 208              		.loc 1 323 7
 209 00a4 00BF     		nop
 210              	.L7:
 324:Core/Src/system_stm32f1xx.c ****   }
 325:Core/Src/system_stm32f1xx.c ****   
 326:Core/Src/system_stm32f1xx.c ****   /* Compute HCLK clock frequency ----------------*/
 327:Core/Src/system_stm32f1xx.c ****   /* Get HCLK prescaler */
 328:Core/Src/system_stm32f1xx.c ****   tmp = AHBPrescTable[((RCC->CFGR & RCC_CFGR_HPRE) >> 4U)];
 211              		.loc 1 328 28
 212 00a6 0A4B     		ldr	r3, .L11
 213 00a8 5B68     		ldr	r3, [r3, #4]
 214              		.loc 1 328 52
 215 00aa 1B09     		lsrs	r3, r3, #4
 216 00ac 03F00F03 		and	r3, r3, #15
 217              		.loc 1 328 22
 218 00b0 0B4A     		ldr	r2, .L11+16
 219 00b2 D35C     		ldrb	r3, [r2, r3]	@ zero_extendqisi2
 220              		.loc 1 328 7
 221 00b4 FB60     		str	r3, [r7, #12]
 329:Core/Src/system_stm32f1xx.c ****   /* HCLK clock frequency */
 330:Core/Src/system_stm32f1xx.c ****   SystemCoreClock >>= tmp;  
 222              		.loc 1 330 19
 223 00b6 074B     		ldr	r3, .L11+4
 224 00b8 1A68     		ldr	r2, [r3]
 225 00ba FB68     		ldr	r3, [r7, #12]
 226 00bc 22FA03F3 		lsr	r3, r2, r3
 227 00c0 044A     		ldr	r2, .L11+4
 228 00c2 1360     		str	r3, [r2]
 331:Core/Src/system_stm32f1xx.c **** }
 229              		.loc 1 331 1
 230 00c4 00BF     		nop
 231 00c6 1437     		adds	r7, r7, #20
 232              	.LCFI7:
 233              		.cfi_def_cfa_offset 4
 234 00c8 BD46     		mov	sp, r7
 235              	.LCFI8:
 236              		.cfi_def_cfa_register 13
 237              		@ sp needed
ARM GAS  C:\Users\ben96\AppData\Local\Temp\ccuwtamk.s 			page 11


 238 00ca 80BC     		pop	{r7}
 239              	.LCFI9:
 240              		.cfi_restore 7
 241              		.cfi_def_cfa_offset 0
 242 00cc 7047     		bx	lr
 243              	.L12:
 244 00ce 00BF     		.align	2
 245              	.L11:
 246 00d0 00100240 		.word	1073876992
 247 00d4 00000000 		.word	SystemCoreClock
 248 00d8 00127A00 		.word	8000000
 249 00dc 00093D00 		.word	4000000
 250 00e0 00000000 		.word	AHBPrescTable
 251              		.cfi_endproc
 252              	.LFE66:
 254              		.text
 255              	.Letext0:
 256              		.file 2 "c:\\program files (x86)\\gnu arm embedded toolchain\\10 2021.07\\arm-none-eabi\\include\\
 257              		.file 3 "c:\\program files (x86)\\gnu arm embedded toolchain\\10 2021.07\\arm-none-eabi\\include\\
 258              		.file 4 "Drivers/CMSIS/Device/ST/STM32F1xx/Include/system_stm32f1xx.h"
 259              		.file 5 "Drivers/CMSIS/Device/ST/STM32F1xx/Include/stm32f103xb.h"
 260              		.file 6 "Drivers/CMSIS/Device/ST/STM32F1xx/Include/stm32f1xx.h"
ARM GAS  C:\Users\ben96\AppData\Local\Temp\ccuwtamk.s 			page 12


DEFINED SYMBOLS
                            *ABS*:00000000 system_stm32f1xx.c
C:\Users\ben96\AppData\Local\Temp\ccuwtamk.s:20     .data.SystemCoreClock:00000000 SystemCoreClock
C:\Users\ben96\AppData\Local\Temp\ccuwtamk.s:17     .data.SystemCoreClock:00000000 $d
C:\Users\ben96\AppData\Local\Temp\ccuwtamk.s:27     .rodata.AHBPrescTable:00000000 AHBPrescTable
C:\Users\ben96\AppData\Local\Temp\ccuwtamk.s:24     .rodata.AHBPrescTable:00000000 $d
C:\Users\ben96\AppData\Local\Temp\ccuwtamk.s:35     .rodata.APBPrescTable:00000000 APBPrescTable
C:\Users\ben96\AppData\Local\Temp\ccuwtamk.s:32     .rodata.APBPrescTable:00000000 $d
C:\Users\ben96\AppData\Local\Temp\ccuwtamk.s:38     .text.SystemInit:00000000 $t
C:\Users\ben96\AppData\Local\Temp\ccuwtamk.s:46     .text.SystemInit:00000000 SystemInit
C:\Users\ben96\AppData\Local\Temp\ccuwtamk.s:76     .text.SystemCoreClockUpdate:00000000 $t
C:\Users\ben96\AppData\Local\Temp\ccuwtamk.s:83     .text.SystemCoreClockUpdate:00000000 SystemCoreClockUpdate
C:\Users\ben96\AppData\Local\Temp\ccuwtamk.s:246    .text.SystemCoreClockUpdate:000000d0 $d

NO UNDEFINED SYMBOLS
